
 ⛅️ wrangler 4.100.0
────────────────────
Successfully created tail, expires at 2026-06-12T13:50:11Z
Connected to videx-api, waiting for logs...
GET https://videx-api.kingbalouu.workers.dev/v1/tmdb/tv/1405/watch/providers - Ok @ 12/06/2026, 11:13:41
GET https://videx-api.kingbalouu.workers.dev/v1/tmdb/movie/530915/watch/providers - Ok @ 12/06/2026, 11:13:41
GET https://videx-api.kingbalouu.workers.dev/v1/tmdb/tv/5920/watch/providers - Ok @ 12/06/2026, 11:13:41
GET https://videx-api.kingbalouu.workers.dev/v1/tmdb/tv/4614/watch/providers - Ok @ 12/06/2026, 11:13:41
GET https://videx-api.kingbalouu.workers.dev/v1/tmdb/tv/1415/watch/providers - Ok @ 12/06/2026, 11:13:41
GET https://videx-api.kingbalouu.workers.dev/v1/tmdb/tv/790/watch/providers - Ok @ 12/06/2026, 11:13:41
GET https://videx-api.kingbalouu.workers.dev/v1/tmdb/tv/65334/watch/providers - Ok @ 12/06/2026, 11:13:41
GET https://videx-api.kingbalouu.workers.dev/v1/tmdb/tv/1407/watch/providers - Ok @ 12/06/2026, 11:13:41
GET https://videx-api.kingbalouu.workers.dev/v1/tmdb/tv/3022/watch/providers - Ok @ 12/06/2026, 11:13:41
GET https://videx-api.kingbalouu.workers.dev/v1/tmdb/tv/60574/watch/providers - Ok @ 12/06/2026, 11:13:41
GET https://videx-api.kingbalouu.workers.dev/v1/tmdb/movie/528949/watch/providers - Ok @ 12/06/2026, 11:13:41
GET https://videx-api.kingbalouu.workers.dev/v1/tmdb/tv/57243/watch/providers - Ok @ 12/06/2026, 11:13:41
GET https://videx-api.kingbalouu.workers.dev/v1/tmdb/tv/60572/watch/providers - Ok @ 12/06/2026, 11:13:41
GET https://videx-api.kingbalouu.workers.dev/v1/tmdb/tv/71789/watch/providers - Ok @ 12/06/2026, 11:13:41
GET https://videx-api.kingbalouu.workers.dev/v1/tmdb/tv/41956/watch/providers - Ok @ 12/06/2026, 11:13:41
GET https://videx-api.kingbalouu.workers.dev/v1/tmdb/tv/4086/watch/providers - Ok @ 12/06/2026, 11:13:41
GET https://videx-api.kingbalouu.workers.dev/v1/tmdb/tv/37680/watch/providers - Ok @ 12/06/2026, 11:13:41
GET https://videx-api.kingbalouu.workers.dev/v1/tmdb/tv/71712/watch/providers - Ok @ 12/06/2026, 11:13:41
GET https://videx-api.kingbalouu.workers.dev/v1/tmdb/tv/5857/watch/providers - Ok @ 12/06/2026, 11:13:41
GET https://videx-api.kingbalouu.workers.dev/v1/tmdb/tv/71694/watch/providers - Ok @ 12/06/2026, 11:13:41
GET https://videx-api.kingbalouu.workers.dev/v1/tmdb/movie/652/watch/providers - Ok @ 12/06/2026, 11:13:41
GET https://videx-api.kingbalouu.workers.dev/v1/tmdb/tv/60735/watch/providers - Ok @ 12/06/2026, 11:13:41
GET https://videx-api.kingbalouu.workers.dev/v1/tmdb/tv/69158/watch/providers - Ok @ 12/06/2026, 11:13:41
GET https://videx-api.kingbalouu.workers.dev/v1/tmdb/movie/491480/watch/providers - Ok @ 12/06/2026, 11:13:41
GET https://videx-api.kingbalouu.workers.dev/v1/tmdb/movie/10733/watch/providers - Ok @ 12/06/2026, 11:13:41
GET https://videx-api.kingbalouu.workers.dev/v1/tmdb/tv/314/watch/providers - Ok @ 12/06/2026, 11:13:41
GET https://videx-api.kingbalouu.workers.dev/v1/tmdb/tv/1396/watch/providers - Ok @ 12/06/2026, 11:13:41
GET https://videx-api.kingbalouu.workers.dev/v1/tmdb/movie/424/watch/providers - Ok @ 12/06/2026, 11:13:41
GET https://videx-api.kingbalouu.workers.dev/v1/tmdb/tv/66732/watch/providers - Ok @ 12/06/2026, 11:13:41
GET https://videx-api.kingbalouu.workers.dev/v1/tmdb/tv/456/watch/providers - Ok @ 12/06/2026, 11:13:41
GET https://videx-api.kingbalouu.workers.dev/v1/tmdb/tv/253/watch/providers - Ok @ 12/06/2026, 11:13:41
GET https://videx-api.kingbalouu.workers.dev/v1/tmdb/tv/1434/watch/providers - Ok @ 12/06/2026, 11:13:41
GET https://videx-api.kingbalouu.workers.dev/v1/tmdb/tv/1408/watch/providers - Ok @ 12/06/2026, 11:13:41
GET https://videx-api.kingbalouu.workers.dev/v1/tmdb/tv/94997/watch/providers - Ok @ 12/06/2026, 11:13:41
GET https://videx-api.kingbalouu.workers.dev/v1/tmdb/tv/82728/watch/providers - Ok @ 12/06/2026, 11:13:41
GET https://videx-api.kingbalouu.workers.dev/v1/tmdb/tv/95057/watch/providers - Ok @ 12/06/2026, 11:13:41
GET https://videx-api.kingbalouu.workers.dev/v1/tmdb/movie/155/watch/providers - Ok @ 12/06/2026, 11:13:41
GET https://videx-api.kingbalouu.workers.dev/v1/tmdb/movie/350/watch/providers - Ok @ 12/06/2026, 11:13:41
GET https://videx-api.kingbalouu.workers.dev/v1/tmdb/tv/61457/watch/providers - Ok @ 12/06/2026, 11:13:41
GET https://videx-api.kingbalouu.workers.dev/v1/tmdb/movie/324786/watch/providers - Ok @ 12/06/2026, 11:13:41
GET https://videx-api.kingbalouu.workers.dev/v1/tmdb/tv/32692/watch/providers - Ok @ 12/06/2026, 11:13:41
GET https://videx-api.kingbalouu.workers.dev/v1/tmdb/tv/80748/watch/providers - Ok @ 12/06/2026, 11:13:41
GET https://videx-api.kingbalouu.workers.dev/v1/tmdb/tv/4607/watch/providers - Ok @ 12/06/2026, 11:13:41
GET https://videx-api.kingbalouu.workers.dev/v1/tmdb/tv/1412/watch/providers - Ok @ 12/06/2026, 11:13:41
GET https://videx-api.kingbalouu.workers.dev/v1/tmdb/tv/549/watch/providers - Ok @ 12/06/2026, 11:13:41
GET https://videx-api.kingbalouu.workers.dev/v1/tmdb/movie/1214931/watch/providers - Ok @ 12/06/2026, 11:13:41
GET https://videx-api.kingbalouu.workers.dev/v1/tmdb/tv/49009/watch/providers - Ok @ 12/06/2026, 11:13:41
GET https://videx-api.kingbalouu.workers.dev/v1/tmdb/tv/162/watch/providers - Ok @ 12/06/2026, 11:13:41
GET https://videx-api.kingbalouu.workers.dev/v1/tmdb/tv/212989/watch/providers - Ok @ 12/06/2026, 11:13:41
GET https://videx-api.kingbalouu.workers.dev/v1/tmdb/tv/90/watch/providers - Ok @ 12/06/2026, 11:13:41
GET https://videx-api.kingbalouu.workers.dev/v1/tmdb/tv/262469/watch/providers - Ok @ 12/06/2026, 11:13:41
GET https://videx-api.kingbalouu.workers.dev/v1/tmdb/movie/129/watch/providers - Ok @ 12/06/2026, 11:13:41
GET https://videx-api.kingbalouu.workers.dev/v1/tmdb/tv/4604/watch/providers - Ok @ 12/06/2026, 11:13:41
GET https://videx-api.kingbalouu.workers.dev/v1/tmdb/tv/67946/watch/providers - Ok @ 12/06/2026, 11:13:41
GET https://videx-api.kingbalouu.workers.dev/v1/tmdb/tv/1667/watch/providers - Ok @ 12/06/2026, 11:13:41
GET https://videx-api.kingbalouu.workers.dev/v1/tmdb/tv/1877/watch/providers - Ok @ 12/06/2026, 11:13:41
GET https://videx-api.kingbalouu.workers.dev/v1/tmdb/tv/4598/watch/providers - Ok @ 12/06/2026, 11:13:41
GET https://videx-api.kingbalouu.workers.dev/v1/tmdb/tv/46952/watch/providers - Ok @ 12/06/2026, 11:13:41
GET https://videx-api.kingbalouu.workers.dev/v1/tmdb/tv/693/watch/providers - Ok @ 12/06/2026, 11:13:41
GET https://videx-api.kingbalouu.workers.dev/v1/tmdb/tv/502/watch/providers - Ok @ 12/06/2026, 11:13:41
GET https://videx-api.kingbalouu.workers.dev/v1/tmdb/movie/1495/watch/providers - Ok @ 12/06/2026, 11:13:41
GET https://videx-api.kingbalouu.workers.dev/v1/tmdb/tv/160/watch/providers - Ok @ 12/06/2026, 11:13:41
GET https://videx-api.kingbalouu.workers.dev/v1/tmdb/movie/490132/watch/providers - Ok @ 12/06/2026, 11:13:41
GET https://videx-api.kingbalouu.workers.dev/v1/tmdb/tv/270572/watch/providers - Ok @ 12/06/2026, 11:13:41
GET https://videx-api.kingbalouu.workers.dev/v1/tmdb/tv/424/watch/providers - Ok @ 12/06/2026, 11:13:41
GET https://videx-api.kingbalouu.workers.dev/v1/tmdb/tv/203/watch/providers - Ok @ 12/06/2026, 11:13:41
GET https://videx-api.kingbalouu.workers.dev/v1/tmdb/tv/1422/watch/providers - Ok @ 12/06/2026, 11:13:41
GET https://videx-api.kingbalouu.workers.dev/v1/tmdb/tv/1911/watch/providers - Ok @ 12/06/2026, 11:13:41
GET https://videx-api.kingbalouu.workers.dev/v1/tmdb/tv/1395/watch/providers - Ok @ 12/06/2026, 11:13:41
GET https://videx-api.kingbalouu.workers.dev/v1/tmdb/movie/985939/watch/providers - Ok @ 12/06/2026, 11:13:41
GET https://videx-api.kingbalouu.workers.dev/v1/tmdb/movie/1317149/watch/providers - Ok @ 12/06/2026, 11:13:41
GET https://videx-api.kingbalouu.workers.dev/v1/tmdb/tv/67136/watch/providers - Ok @ 12/06/2026, 11:13:41
GET https://videx-api.kingbalouu.workers.dev/v1/tmdb/tv/1411/watch/providers - Ok @ 12/06/2026, 11:13:41
GET https://videx-api.kingbalouu.workers.dev/v1/tmdb/tv/269/watch/providers - Ok @ 12/06/2026, 11:13:41
GET https://videx-api.kingbalouu.workers.dev/v1/tmdb/tv/764/watch/providers - Ok @ 12/06/2026, 11:13:41
GET https://videx-api.kingbalouu.workers.dev/v1/tmdb/movie/857/watch/providers - Ok @ 12/06/2026, 11:13:41
GET https://videx-api.kingbalouu.workers.dev/v1/tmdb/tv/40/watch/providers - Ok @ 12/06/2026, 11:13:41
OPTIONS https://videx-api.kingbalouu.workers.dev/v1/foryou?services=apple%2Cbbc%2Cchannel4%2Citvx%2Cnetflix%2Cprime%2Cskygo&hour=11&dow=5 - Ok @ 12/06/2026, 11:13:41
GET https://videx-api.kingbalouu.workers.dev/v1/foryou?services=apple%2Cbbc%2Cchannel4%2Citvx%2Cnetflix%2Cprime%2Cskygo&hour=11&dow=5 - Canceled @ 12/06/2026, 11:13:42
  (log) [Pipeline] multi-interest RPCs returned: 540 → after hard filters: 435
GET https://videx-api.kingbalouu.workers.dev/v1/tmdb/movie/11324/watch/providers - Ok @ 12/06/2026, 11:13:57
GET https://videx-api.kingbalouu.workers.dev/v1/tmdb/movie/1082195/watch/providers - Ok @ 12/06/2026, 11:13:57
GET https://videx-api.kingbalouu.workers.dev/v1/tmdb/movie/680/watch/providers - Ok @ 12/06/2026, 11:13:57
GET https://videx-api.kingbalouu.workers.dev/v1/tmdb/movie/1430/watch/providers - Canceled @ 12/06/2026, 11:13:57
GET https://videx-api.kingbalouu.workers.dev/v1/tmdb/movie/550/watch/providers - Ok @ 12/06/2026, 11:13:57
GET https://videx-api.kingbalouu.workers.dev/v1/tmdb/movie/8681/watch/providers - Ok @ 12/06/2026, 11:13:57
GET https://videx-api.kingbalouu.workers.dev/v1/tmdb/movie/1054867/watch/providers - Ok @ 12/06/2026, 11:13:57
GET https://videx-api.kingbalouu.workers.dev/v1/tmdb/movie/374720/watch/providers - Ok @ 12/06/2026, 11:13:57
GET https://videx-api.kingbalouu.workers.dev/v1/tmdb/movie/329865/watch/providers - Ok @ 12/06/2026, 11:13:57
GET https://videx-api.kingbalouu.workers.dev/v1/tmdb/movie/373314/watch/providers - Ok @ 12/06/2026, 11:13:57
GET https://videx-api.kingbalouu.workers.dev/v1/tmdb/tv/64439/watch/providers - Ok @ 12/06/2026, 11:13:57
GET https://videx-api.kingbalouu.workers.dev/v1/tmdb/movie/146233/watch/providers - Ok @ 12/06/2026, 11:13:57
GET https://videx-api.kingbalouu.workers.dev/v1/tmdb/movie/452068/watch/providers - Ok @ 12/06/2026, 11:13:57
GET https://videx-api.kingbalouu.workers.dev/v1/tmdb/movie/668489/watch/providers - Ok @ 12/06/2026, 11:13:57
GET https://videx-api.kingbalouu.workers.dev/v1/tmdb/tv/97062/watch/providers - Ok @ 12/06/2026, 11:13:57
GET https://videx-api.kingbalouu.workers.dev/v1/tmdb/movie/180/watch/providers - Ok @ 12/06/2026, 11:13:57
GET https://videx-api.kingbalouu.workers.dev/v1/tmdb/movie/335984/watch/providers - Ok @ 12/06/2026, 11:13:57
GET https://videx-api.kingbalouu.workers.dev/v1/tmdb/movie/353081/watch/providers - Ok @ 12/06/2026, 11:13:57
GET https://videx-api.kingbalouu.workers.dev/v1/tmdb/movie/577922/watch/providers - Ok @ 12/06/2026, 11:13:57
GET https://videx-api.kingbalouu.workers.dev/v1/tmdb/movie/49530/watch/providers - Ok @ 12/06/2026, 11:13:57
GET https://videx-api.kingbalouu.workers.dev/v1/tmdb/movie/63/watch/providers - Ok @ 12/06/2026, 11:13:57
GET https://videx-api.kingbalouu.workers.dev/v1/tmdb/movie/2501/watch/providers - Ok @ 12/06/2026, 11:13:57
GET https://videx-api.kingbalouu.workers.dev/v1/tmdb/movie/64690/watch/providers - Ok @ 12/06/2026, 11:13:57
GET https://videx-api.kingbalouu.workers.dev/v1/tmdb/tv/90680/watch/providers - Ok @ 12/06/2026, 11:13:57
GET https://videx-api.kingbalouu.workers.dev/v1/tmdb/tv/114635/watch/providers - Ok @ 12/06/2026, 11:13:57
GET https://videx-api.kingbalouu.workers.dev/v1/tmdb/movie/979660/watch/providers - Ok @ 12/06/2026, 11:13:57
GET https://videx-api.kingbalouu.workers.dev/v1/tmdb/movie/157336/watch/providers - Ok @ 12/06/2026, 11:13:57
GET https://videx-api.kingbalouu.workers.dev/v1/tmdb/movie/530382/watch/providers - Ok @ 12/06/2026, 11:13:57
GET https://videx-api.kingbalouu.workers.dev/v1/tmdb/movie/340666/watch/providers - Ok @ 12/06/2026, 11:13:57
GET https://videx-api.kingbalouu.workers.dev/v1/tmdb/movie/49026/watch/providers - Ok @ 12/06/2026, 11:13:57
GET https://videx-api.kingbalouu.workers.dev/v1/tmdb/movie/54138/watch/providers - Ok @ 12/06/2026, 11:13:57
GET https://videx-api.kingbalouu.workers.dev/v1/tmdb/movie/23168/watch/providers - Ok @ 12/06/2026, 11:14:20
GET https://videx-api.kingbalouu.workers.dev/v1/tmdb/movie/37834/watch/providers - Ok @ 12/06/2026, 11:14:20
GET https://videx-api.kingbalouu.workers.dev/v1/tmdb/movie/500/watch/providers - Ok @ 12/06/2026, 11:14:20
GET https://videx-api.kingbalouu.workers.dev/v1/tmdb/movie/697843/watch/providers - Ok @ 12/06/2026, 11:14:20
GET https://videx-api.kingbalouu.workers.dev/v1/tmdb/tv/220056/watch/providers - Ok @ 12/06/2026, 11:14:24
GET https://videx-api.kingbalouu.workers.dev/v1/tmdb/movie/29917/watch/providers - Ok @ 12/06/2026, 11:14:24
GET https://videx-api.kingbalouu.workers.dev/v1/tmdb/movie/877817/watch/providers - Ok @ 12/06/2026, 11:14:24
GET https://videx-api.kingbalouu.workers.dev/v1/tmdb/movie/1354652/watch/providers - Ok @ 12/06/2026, 11:14:27
GET https://videx-api.kingbalouu.workers.dev/v1/tmdb/tv/97062/recommendations?page=1 - Ok @ 12/06/2026, 11:14:47
GET https://videx-api.kingbalouu.workers.dev/v1/tmdb/discover/tv?watch_region=GB&include_adult=false&sort_by=vote_average.desc&without_genres=10762&with_genres=99,80&vote_average.gte=5.721&vote_count.gte=50 - Ok @ 12/06/2026, 11:14:47
GET https://videx-api.kingbalouu.workers.dev/v1/tmdb/tv/248126/watch/providers - Ok @ 12/06/2026, 11:14:48
GET https://videx-api.kingbalouu.workers.dev/v1/tmdb/tv/114705/watch/providers - Ok @ 12/06/2026, 11:14:48
GET https://videx-api.kingbalouu.workers.dev/v1/tmdb/tv/81337/watch/providers - Ok @ 12/06/2026, 11:14:48
GET https://videx-api.kingbalouu.workers.dev/v1/tmdb/tv/96129/watch/providers - Ok @ 12/06/2026, 11:14:48
GET https://videx-api.kingbalouu.workers.dev/v1/tmdb/tv/21421/watch/providers - Ok @ 12/06/2026, 11:14:48
GET https://videx-api.kingbalouu.workers.dev/v1/tmdb/tv/89101/watch/providers - Ok @ 12/06/2026, 11:14:48
GET https://videx-api.kingbalouu.workers.dev/v1/tmdb/tv/85833/watch/providers - Ok @ 12/06/2026, 11:14:48
GET https://videx-api.kingbalouu.workers.dev/v1/tmdb/tv/261649/watch/providers - Ok @ 12/06/2026, 11:14:48
GET https://videx-api.kingbalouu.workers.dev/v1/tmdb/tv/97062/similar?page=1 - Ok @ 12/06/2026, 11:14:47
GET https://videx-api.kingbalouu.workers.dev/v1/title/tv/97062 - Ok @ 12/06/2026, 11:14:47
GET https://videx-api.kingbalouu.workers.dev/v1/foryou?services=apple%2Cbbc%2Cchannel4%2Citvx%2Cnetflix%2Cprime%2Cskygo&hour=11&dow=5 - Ok @ 12/06/2026, 11:14:40
  (log) [Pipeline] multi-interest RPCs returned: 540 → after hard filters: 435
GET https://videx-api.kingbalouu.workers.dev/v1/tmdb/tv/78/watch/providers - Ok @ 12/06/2026, 11:14:48
GET https://videx-api.kingbalouu.workers.dev/v1/tmdb/tv/78 - Ok @ 12/06/2026, 11:14:54
GET https://videx-api.kingbalouu.workers.dev/v1/tmdb/search/movie?query=Lord+kf&page=1&include_adult=false&language=en-GB&region=GB - Ok @ 12/06/2026, 11:15:14
GET https://videx-api.kingbalouu.workers.dev/v1/tmdb/search/tv?query=Lord&page=1&include_adult=false&language=en-GB - Ok @ 12/06/2026, 11:15:15
GET https://videx-api.kingbalouu.workers.dev/v1/tmdb/search/movie?query=Lord&page=1&include_adult=false&language=en-GB&region=GB - Ok @ 12/06/2026, 11:15:15
GET https://videx-api.kingbalouu.workers.dev/v1/tmdb/search/movie?query=Lord+of&page=1&include_adult=false&language=en-GB&region=GB - Ok @ 12/06/2026, 11:15:16
GET https://videx-api.kingbalouu.workers.dev/v1/tmdb/search/tv?query=Lord+of&page=1&include_adult=false&language=en-GB - Ok @ 12/06/2026, 11:15:16
GET https://videx-api.kingbalouu.workers.dev/v1/tmdb/movie/1830/watch/providers - Ok @ 12/06/2026, 11:15:16
GET https://videx-api.kingbalouu.workers.dev/v1/tmdb/movie/122/watch/providers - Ok @ 12/06/2026, 11:15:16
GET https://videx-api.kingbalouu.workers.dev/v1/tmdb/tv/232230/watch/providers - Canceled @ 12/06/2026, 11:15:16
GET https://videx-api.kingbalouu.workers.dev/v1/tmdb/movie/853387/watch/providers - Ok @ 12/06/2026, 11:15:16
GET https://videx-api.kingbalouu.workers.dev/v1/tmdb/movie/9960/watch/providers - Canceled @ 12/06/2026, 11:15:16
GET https://videx-api.kingbalouu.workers.dev/v1/tmdb/movie/10847/watch/providers - Ok @ 12/06/2026, 11:15:16
GET https://videx-api.kingbalouu.workers.dev/v1/tmdb/tv/109059/watch/providers - Ok @ 12/06/2026, 11:15:16
GET https://videx-api.kingbalouu.workers.dev/v1/tmdb/tv/89338/watch/providers - Ok @ 12/06/2026, 11:15:16
GET https://videx-api.kingbalouu.workers.dev/v1/tmdb/tv/84773/watch/providers - Ok @ 12/06/2026, 11:15:16
GET https://videx-api.kingbalouu.workers.dev/v1/tmdb/tv/80371/watch/providers - Canceled @ 12/06/2026, 11:15:16
GET https://videx-api.kingbalouu.workers.dev/v1/tmdb/movie/8973/watch/providers - Ok @ 12/06/2026, 11:15:16
GET https://videx-api.kingbalouu.workers.dev/v1/tmdb/tv/49054/watch/providers - Ok @ 12/06/2026, 11:15:16
GET https://videx-api.kingbalouu.workers.dev/v1/tmdb/tv/273768/watch/providers - Ok @ 12/06/2026, 11:15:16
GET https://videx-api.kingbalouu.workers.dev/v1/tmdb/movie/120/watch/providers - Ok @ 12/06/2026, 11:15:16
GET https://videx-api.kingbalouu.workers.dev/v1/tmdb/movie/107779/watch/providers - Ok @ 12/06/2026, 11:15:16
GET https://videx-api.kingbalouu.workers.dev/v1/tmdb/movie/123/watch/providers - Ok @ 12/06/2026, 11:15:16
GET https://videx-api.kingbalouu.workers.dev/v1/tmdb/tv/250033/watch/providers - Canceled @ 12/06/2026, 11:15:16
GET https://videx-api.kingbalouu.workers.dev/v1/tmdb/tv/75834/watch/providers - Ok @ 12/06/2026, 11:15:16
GET https://videx-api.kingbalouu.workers.dev/v1/tmdb/movie/71506/watch/providers - Ok @ 12/06/2026, 11:15:16
GET https://videx-api.kingbalouu.workers.dev/v1/tmdb/tv/235017/watch/providers - Ok @ 12/06/2026, 11:15:16
GET https://videx-api.kingbalouu.workers.dev/v1/tmdb/movie/425640/watch/providers - Ok @ 12/06/2026, 11:15:16
GET https://videx-api.kingbalouu.workers.dev/v1/tmdb/movie/839033/watch/providers - Ok @ 12/06/2026, 11:15:16
GET https://videx-api.kingbalouu.workers.dev/v1/tmdb/tv/204343/watch/providers - Ok @ 12/06/2026, 11:15:16
GET https://videx-api.kingbalouu.workers.dev/v1/tmdb/movie/48130/watch/providers - Ok @ 12/06/2026, 11:15:16
GET https://videx-api.kingbalouu.workers.dev/v1/tmdb/tv/104283/watch/providers - Ok @ 12/06/2026, 11:15:16
GET https://videx-api.kingbalouu.workers.dev/v1/tmdb/tv/280084/watch/providers - Ok @ 12/06/2026, 11:15:16
GET https://videx-api.kingbalouu.workers.dev/v1/tmdb/movie/121/watch/providers - Ok @ 12/06/2026, 11:15:16
GET https://videx-api.kingbalouu.workers.dev/v1/tmdb/tv/127313/watch/providers - Ok @ 12/06/2026, 11:15:16
GET https://videx-api.kingbalouu.workers.dev/v1/tmdb/movie/48467/watch/providers - Canceled @ 12/06/2026, 11:15:16
GET https://videx-api.kingbalouu.workers.dev/v1/tmdb/tv/89338 - Ok @ 12/06/2026, 11:15:16
GET https://videx-api.kingbalouu.workers.dev/v1/tmdb/tv/104283 - Ok @ 12/06/2026, 11:15:16
GET https://videx-api.kingbalouu.workers.dev/v1/tmdb/tv/133653 - Ok @ 12/06/2026, 11:15:16
GET https://videx-api.kingbalouu.workers.dev/v1/tmdb/tv/107797 - Ok @ 12/06/2026, 11:15:16
GET https://videx-api.kingbalouu.workers.dev/v1/tmdb/tv/703 - Ok @ 12/06/2026, 11:15:16
GET https://videx-api.kingbalouu.workers.dev/v1/tmdb/tv/127313 - Ok @ 12/06/2026, 11:15:16
GET https://videx-api.kingbalouu.workers.dev/v1/tmdb/movie/447535/watch/providers - Ok @ 12/06/2026, 11:15:16
GET https://videx-api.kingbalouu.workers.dev/v1/tmdb/tv/49054 - Ok @ 12/06/2026, 11:15:16
GET https://videx-api.kingbalouu.workers.dev/v1/tmdb/tv/80823/watch/providers - Ok @ 12/06/2026, 11:15:16
GET https://videx-api.kingbalouu.workers.dev/v1/tmdb/tv/80371 - Ok @ 12/06/2026, 11:15:16
GET https://videx-api.kingbalouu.workers.dev/v1/tmdb/tv/273768 - Ok @ 12/06/2026, 11:15:16
GET https://videx-api.kingbalouu.workers.dev/v1/tmdb/tv/280084 - Ok @ 12/06/2026, 11:15:16
GET https://videx-api.kingbalouu.workers.dev/v1/tmdb/tv/86861 - Ok @ 12/06/2026, 11:15:16
GET https://videx-api.kingbalouu.workers.dev/v1/tmdb/tv/235017 - Ok @ 12/06/2026, 11:15:16
GET https://videx-api.kingbalouu.workers.dev/v1/tmdb/tv/109059 - Ok @ 12/06/2026, 11:15:16
GET https://videx-api.kingbalouu.workers.dev/v1/tmdb/tv/84773/similar?page=1 - Ok @ 12/06/2026, 11:15:18
GET https://videx-api.kingbalouu.workers.dev/v1/tmdb/tv/84773/recommendations?page=1 - Canceled @ 12/06/2026, 11:15:18
GET https://videx-api.kingbalouu.workers.dev/v1/title/tv/84773 - Ok @ 12/06/2026, 11:15:18
GET https://videx-api.kingbalouu.workers.dev/v1/tmdb/discover/tv?watch_region=GB&include_adult=false&sort_by=vote_average.desc&without_genres=10762&with_genres=10759,10765&vote_average.gte=5.739&vote_count.gte=50 - Ok @ 12/06/2026, 11:15:19
GET https://videx-api.kingbalouu.workers.dev/v1/tmdb/movie/513824/watch/providers - Canceled @ 12/06/2026, 11:15:16
GET https://videx-api.kingbalouu.workers.dev/v1/tmdb/tv/703/watch/providers - Canceled @ 12/06/2026, 11:15:16
GET https://videx-api.kingbalouu.workers.dev/v1/tmdb/tv/253296/watch/providers - Ok @ 12/06/2026, 11:15:19
GET https://videx-api.kingbalouu.workers.dev/v1/tmdb/tv/19/watch/providers - Canceled @ 12/06/2026, 11:15:19
GET https://videx-api.kingbalouu.workers.dev/v1/tmdb/tv/261326/watch/providers - Ok @ 12/06/2026, 11:15:19
GET https://videx-api.kingbalouu.workers.dev/v1/tmdb/tv/46298/watch/providers - Ok @ 12/06/2026, 11:15:19
GET https://videx-api.kingbalouu.workers.dev/v1/tmdb/tv/272059/watch/providers - Ok @ 12/06/2026, 11:15:19
GET https://videx-api.kingbalouu.workers.dev/v1/tmdb/tv/1429/watch/providers - Ok @ 12/06/2026, 11:15:19
GET https://videx-api.kingbalouu.workers.dev/v1/tmdb/tv/256695/watch/providers - Ok @ 12/06/2026, 11:15:19
GET https://videx-api.kingbalouu.workers.dev/v1/tmdb/tv/259819/watch/providers - Ok @ 12/06/2026, 11:15:19
GET https://videx-api.kingbalouu.workers.dev/v1/tmdb/tv/253296 - Ok @ 12/06/2026, 11:15:19
GET https://videx-api.kingbalouu.workers.dev/v1/tmdb/tv/19 - Ok @ 12/06/2026, 11:15:19
GET https://videx-api.kingbalouu.workers.dev/v1/tmdb/tv/261326 - Ok @ 12/06/2026, 11:15:19
GET https://videx-api.kingbalouu.workers.dev/v1/tmdb/tv/259837/watch/providers - Ok @ 12/06/2026, 11:15:19
GET https://videx-api.kingbalouu.workers.dev/v1/tmdb/search/tv?query=Lord+kf&page=1&include_adult=false&language=en-GB - Ok @ 12/06/2026, 11:15:14
